<?xml version="1.0" encoding="UTF-8"?>
<!-- Generated by org.testng.reporters.JUnitReportReporter -->
<testsuite skipped="0" hostname="L05083191" name="com.macys.mst.mcy.execdrivers.ExecutionConfig" tests="1" failures="0" timestamp="26 Mar 2020 22:29:56 GMT" time="31.840" errors="0">
  <testcase name="RunDriver" time="31.840" classname="com.macys.mst.mcy.execdrivers.ExecutionConfig"/>
</testsuite> <!-- com.macys.mst.mcy.execdrivers.ExecutionConfig -->
